<?xml version="1.0" encoding="UTF-8"?>
<!-- Generated by org.testng.reporters.JUnitReportReporter -->
<testsuite hostname="users-MBP" failures="0" tests="1" name="greenmouse.ExtentReports.ExtentReportsDemo" time="13.567" errors="0" timestamp="2023-03-15T20:35:29 WAT" skipped="0">
  <testcase classname="greenmouse.ExtentReports.ExtentReportsDemo" name="initialDemo" time="13.567"/>
  <system-out/>
</testsuite> <!-- greenmouse.ExtentReports.ExtentReportsDemo -->
